# JRE version: Java(TM) SE Runtime Environment (18.0+36) (build 18+36-2087)
# Java VM: Java HotSpot(TM) 64-Bit Server VM (18+36-2087, mixed mode, sharing, tiered, compressed oops, compressed class ptrs, g1 gc, bsd-aarch64)
GC Precious Log:
 CardTable entry size: 512
 Card Set container configuration: InlinePtr #cards 5 size 8 Array Of Cards #cards 12 size 40 Howl #buckets 4 coarsen threshold 1843 Howl Bitmap #cards 512 size 80 coarsen threshold 460 Card regions per heap region 1 cards per card region 2048
 CPUs: 8 total, 8 available
 Memory: 16384M
 Large Page Support: Disabled
 NUMA Support: Disabled
 Compressed Oops: Enabled (Zero based)
 Heap Region Size: 1M
 Heap Min Capacity: 256M
 Heap Initial Capacity: 256M
 Heap Max Capacity: 512M
 Pre-touch: Disabled
 Parallel Workers: 8
 Concurrent Workers: 2
 Concurrent Refinement Workers: 8
 Periodic GC: Disabled
Heap:
 garbage-first heap   total 262144K, used 178387K [0x00000007e0000000, 0x0000000800000000)
  region size 1024K, 111 young (113664K), 10 survivors (10240K)
 Metaspace       used 75211K, committed 77440K, reserved 446464K
  class space    used 10079K, committed 11264K, reserved 315392K
GC Heap History (20 events):
Event: 2537.172 GC heap before
{Heap before GC invocations=22 (full 0):
 garbage-first heap   total 262144K, used 209383K [0x00000007e0000000, 0x0000000800000000)
  region size 1024K, 140 young (143360K), 10 survivors (10240K)
 Metaspace       used 74236K, committed 76480K, reserved 380928K
  class space    used 10036K, committed 11200K, reserved 315392K
}
Event: 2537.177 GC heap after
{Heap after GC invocations=23 (full 0):
 garbage-first heap   total 262144K, used 74967K [0x00000007e0000000, 0x0000000800000000)
  region size 1024K, 8 young (8192K), 8 survivors (8192K)
 Metaspace       used 74236K, committed 76480K, reserved 380928K
  class space    used 10036K, committed 11200K, reserved 315392K
}
Event: 2576.262 GC heap before
{Heap before GC invocations=23 (full 0):
 garbage-first heap   total 262144K, used 209111K [0x00000007e0000000, 0x0000000800000000)
  region size 1024K, 140 young (143360K), 8 survivors (8192K)
 Metaspace       used 74503K, committed 76800K, reserved 446464K
  class space    used 10060K, committed 11264K, reserved 315392K
}
Event: 2576.264 GC heap after
{Heap after GC invocations=24 (full 0):
 garbage-first heap   total 262144K, used 73199K [0x00000007e0000000, 0x0000000800000000)
  region size 1024K, 6 young (6144K), 6 survivors (6144K)
 Metaspace       used 74503K, committed 76800K, reserved 446464K
  class space    used 10060K, committed 11264K, reserved 315392K
}
Event: 2582.290 GC heap before
{Heap before GC invocations=24 (full 0):
 garbage-first heap   total 262144K, used 211439K [0x00000007e0000000, 0x0000000800000000)
  region size 1024K, 142 young (145408K), 6 survivors (6144K)
 Metaspace       used 74594K, committed 76864K, reserved 446464K
  class space    used 10061K, committed 11264K, reserved 315392K
}
Event: 2582.294 GC heap after
{Heap after GC invocations=25 (full 0):
 garbage-first heap   total 262144K, used 74532K [0x00000007e0000000, 0x0000000800000000)
  region size 1024K, 7 young (7168K), 7 survivors (7168K)
 Metaspace       used 74594K, committed 76864K, reserved 446464K
  class space    used 10061K, committed 11264K, reserved 315392K
}
Event: 2672.798 GC heap before
{Heap before GC invocations=25 (full 0):
 garbage-first heap   total 262144K, used 211748K [0x00000007e0000000, 0x0000000800000000)
  region size 1024K, 142 young (145408K), 7 survivors (7168K)
 Metaspace       used 74690K, committed 76992K, reserved 446464K
  class space    used 10064K, committed 11264K, reserved 315392K
}
Event: 2672.804 GC heap after
{Heap after GC invocations=26 (full 0):
 garbage-first heap   total 262144K, used 76484K [0x00000007e0000000, 0x0000000800000000)
  region size 1024K, 9 young (9216K), 9 survivors (9216K)
 Metaspace       used 74690K, committed 76992K, reserved 446464K
  class space    used 10064K, committed 11264K, reserved 315392K
}
Event: 2725.537 GC heap before
{Heap before GC invocations=26 (full 0):
 garbage-first heap   total 262144K, used 210628K [0x00000007e0000000, 0x0000000800000000)
  region size 1024K, 141 young (144384K), 9 survivors (9216K)
 Metaspace       used 74785K, committed 77056K, reserved 446464K
  class space    used 10066K, committed 11264K, reserved 315392K
}
Event: 2725.541 GC heap after
{Heap after GC invocations=27 (full 0):
 garbage-first heap   total 262144K, used 75117K [0x00000007e0000000, 0x0000000800000000)
  region size 1024K, 8 young (8192K), 8 survivors (8192K)
 Metaspace       used 74785K, committed 77056K, reserved 446464K
  class space    used 10066K, committed 11264K, reserved 315392K
}
Event: 2967.511 GC heap before
{Heap before GC invocations=27 (full 0):
 garbage-first heap   total 262144K, used 210285K [0x00000007e0000000, 0x0000000800000000)
  region size 1024K, 141 young (144384K), 8 survivors (8192K)
 Metaspace       used 74855K, committed 77120K, reserved 446464K
  class space    used 10067K, committed 11264K, reserved 315392K
}
Event: 2967.540 GC heap after
{Heap after GC invocations=28 (full 0):
 garbage-first heap   total 262144K, used 75389K [0x00000007e0000000, 0x0000000800000000)
  region size 1024K, 8 young (8192K), 8 survivors (8192K)
 Metaspace       used 74855K, committed 77120K, reserved 446464K
  class space    used 10067K, committed 11264K, reserved 315392K
}
Event: 3147.194 GC heap before
{Heap before GC invocations=28 (full 0):
 garbage-first heap   total 262144K, used 210557K [0x00000007e0000000, 0x0000000800000000)
  region size 1024K, 141 young (144384K), 8 survivors (8192K)
 Metaspace       used 74962K, committed 77248K, reserved 446464K
  class space    used 10068K, committed 11264K, reserved 315392K
}
Event: 3147.198 GC heap after
{Heap after GC invocations=29 (full 0):
 garbage-first heap   total 262144K, used 72484K [0x00000007e0000000, 0x0000000800000000)
  region size 1024K, 5 young (5120K), 5 survivors (5120K)
 Metaspace       used 74962K, committed 77248K, reserved 446464K
  class space    used 10068K, committed 11264K, reserved 315392K
}
Event: 4317.938 GC heap before
{Heap before GC invocations=29 (full 0):
 garbage-first heap   total 262144K, used 212772K [0x00000007e0000000, 0x0000000800000000)
  region size 1024K, 143 young (146432K), 5 survivors (5120K)
 Metaspace       used 75046K, committed 77312K, reserved 446464K
  class space    used 10069K, committed 11264K, reserved 315392K
}
Event: 4317.942 GC heap after
{Heap after GC invocations=30 (full 0):
 garbage-first heap   total 262144K, used 73223K [0x00000007e0000000, 0x0000000800000000)
  region size 1024K, 6 young (6144K), 6 survivors (6144K)
 Metaspace       used 75046K, committed 77312K, reserved 446464K
  class space    used 10069K, committed 11264K, reserved 315392K
}
Event: 4331.747 GC heap before
{Heap before GC invocations=30 (full 0):
 garbage-first heap   total 262144K, used 213511K [0x00000007e0000000, 0x0000000800000000)
  region size 1024K, 144 young (147456K), 6 survivors (6144K)
 Metaspace       used 75075K, committed 77376K, reserved 446464K
  class space    used 10069K, committed 11264K, reserved 315392K
}
Event: 4331.750 GC heap after
{Heap after GC invocations=31 (full 0):
 garbage-first heap   total 262144K, used 75188K [0x00000007e0000000, 0x0000000800000000)
  region size 1024K, 8 young (8192K), 8 survivors (8192K)
 Metaspace       used 75075K, committed 77376K, reserved 446464K
  class space    used 10069K, committed 11264K, reserved 315392K
}
Event: 4585.308 GC heap before
{Heap before GC invocations=31 (full 0):
 garbage-first heap   total 262144K, used 211380K [0x00000007e0000000, 0x0000000800000000)
  region size 1024K, 142 young (145408K), 8 survivors (8192K)
 Metaspace       used 75178K, committed 77440K, reserved 446464K
  class space    used 10079K, committed 11264K, reserved 315392K
}
Event: 4585.314 GC heap after
{Heap after GC invocations=32 (full 0):
 garbage-first heap   total 262144K, used 77011K [0x00000007e0000000, 0x0000000800000000)
  region size 1024K, 10 young (10240K), 10 survivors (10240K)
 Metaspace       used 75178K, committed 77440K, reserved 446464K
  class space    used 10079K, committed 11264K, reserved 315392K
}

