# JRE version: Java(TM) SE Runtime Environment (18.0+36) (build 18+36-2087)
# Java VM: Java HotSpot(TM) 64-Bit Server VM (18+36-2087, mixed mode, sharing, tiered, compressed oops, compressed class ptrs, g1 gc, bsd-aarch64)
GC Precious Log:
 CardTable entry size: 512
 Card Set container configuration: InlinePtr #cards 5 size 8 Array Of Cards #cards 12 size 40 Howl #buckets 4 coarsen threshold 1843 Howl Bitmap #cards 512 size 80 coarsen threshold 460 Card regions per heap region 1 cards per card region 2048
 CPUs: 8 total, 8 available
 Memory: 16384M
 Large Page Support: Disabled
 NUMA Support: Disabled
 Compressed Oops: Enabled (Zero based)
 Heap Region Size: 1M
 Heap Min Capacity: 256M
 Heap Initial Capacity: 256M
 Heap Max Capacity: 512M
 Pre-touch: Disabled
 Parallel Workers: 8
 Concurrent Workers: 2
 Concurrent Refinement Workers: 8
 Periodic GC: Disabled
Heap:
 garbage-first heap   total 367616K, used 156048K [0x00000007e0000000, 0x0000000800000000)
  region size 1024K, 95 young (97280K), 15 survivors (15360K)
 Metaspace       used 72875K, committed 75136K, reserved 380928K
  class space    used 10000K, committed 11200K, reserved 315392K
GC Heap History (20 events):
Event: 1.724 GC heap before
{Heap before GC invocations=5 (full 0):
 garbage-first heap   total 262144K, used 35374K [0x00000007e0000000, 0x0000000800000000)
  region size 1024K, 12 young (12288K), 8 survivors (8192K)
 Metaspace       used 35027K, committed 36288K, reserved 380928K
  class space    used 5056K, committed 5696K, reserved 315392K
}
Event: 1.727 GC heap after
{Heap after GC invocations=6 (full 0):
 garbage-first heap   total 262144K, used 31404K [0x00000007e0000000, 0x0000000800000000)
  region size 1024K, 2 young (2048K), 2 survivors (2048K)
 Metaspace       used 35027K, committed 36288K, reserved 380928K
  class space    used 5056K, committed 5696K, reserved 315392K
}
Event: 1.758 GC heap before
{Heap before GC invocations=6 (full 0):
 garbage-first heap   total 262144K, used 45740K [0x00000007e0000000, 0x0000000800000000)
  region size 1024K, 17 young (17408K), 2 survivors (2048K)
 Metaspace       used 35177K, committed 36416K, reserved 380928K
  class space    used 5069K, committed 5696K, reserved 315392K
}
Event: 1.759 GC heap after
{Heap after GC invocations=7 (full 0):
 garbage-first heap   total 262144K, used 31710K [0x00000007e0000000, 0x0000000800000000)
  region size 1024K, 2 young (2048K), 2 survivors (2048K)
 Metaspace       used 35177K, committed 36416K, reserved 380928K
  class space    used 5069K, committed 5696K, reserved 315392K
}
Event: 2.558 GC heap before
{Heap before GC invocations=8 (full 0):
 garbage-first heap   total 262144K, used 192478K [0x00000007e0000000, 0x0000000800000000)
  region size 1024K, 153 young (156672K), 2 survivors (2048K)
 Metaspace       used 50894K, committed 52736K, reserved 380928K
  class space    used 7379K, committed 8320K, reserved 315392K
}
Event: 2.564 GC heap after
{Heap after GC invocations=9 (full 0):
 garbage-first heap   total 262144K, used 41858K [0x00000007e0000000, 0x0000000800000000)
  region size 1024K, 12 young (12288K), 12 survivors (12288K)
 Metaspace       used 50894K, committed 52736K, reserved 380928K
  class space    used 7379K, committed 8320K, reserved 315392K
}
Event: 2.570 GC heap before
{Heap before GC invocations=9 (full 0):
 garbage-first heap   total 262144K, used 42882K [0x00000007e0000000, 0x0000000800000000)
  region size 1024K, 13 young (13312K), 12 survivors (12288K)
 Metaspace       used 51000K, committed 52800K, reserved 380928K
  class space    used 7394K, committed 8320K, reserved 315392K
}
Event: 2.575 GC heap after
{Heap after GC invocations=10 (full 0):
 garbage-first heap   total 262144K, used 42889K [0x00000007e0000000, 0x0000000800000000)
  region size 1024K, 2 young (2048K), 2 survivors (2048K)
 Metaspace       used 51000K, committed 52800K, reserved 380928K
  class space    used 7394K, committed 8320K, reserved 315392K
}
Event: 5.604 GC heap before
{Heap before GC invocations=10 (full 0):
 garbage-first heap   total 262144K, used 164745K [0x00000007e0000000, 0x0000000800000000)
  region size 1024K, 123 young (125952K), 2 survivors (2048K)
 Metaspace       used 59115K, committed 61056K, reserved 380928K
  class space    used 8492K, committed 9472K, reserved 315392K
}
Event: 5.608 GC heap after
{Heap after GC invocations=11 (full 0):
 garbage-first heap   total 262144K, used 51109K [0x00000007e0000000, 0x0000000800000000)
  region size 1024K, 10 young (10240K), 10 survivors (10240K)
 Metaspace       used 59115K, committed 61056K, reserved 380928K
  class space    used 8492K, committed 9472K, reserved 315392K
}
Event: 6.267 GC heap before
{Heap before GC invocations=12 (full 0):
 garbage-first heap   total 262144K, used 194469K [0x00000007e0000000, 0x0000000800000000)
  region size 1024K, 151 young (154624K), 10 survivors (10240K)
 Metaspace       used 61287K, committed 63360K, reserved 380928K
  class space    used 8748K, committed 9792K, reserved 315392K
}
Event: 6.276 GC heap after
{Heap after GC invocations=13 (full 0):
 garbage-first heap   total 262144K, used 61367K [0x00000007e0000000, 0x0000000800000000)
  region size 1024K, 19 young (19456K), 19 survivors (19456K)
 Metaspace       used 61287K, committed 63360K, reserved 380928K
  class space    used 8748K, committed 9792K, reserved 315392K
}
Event: 6.277 GC heap before
{Heap before GC invocations=13 (full 0):
 garbage-first heap   total 262144K, used 62391K [0x00000007e0000000, 0x0000000800000000)
  region size 1024K, 20 young (20480K), 19 survivors (19456K)
 Metaspace       used 61287K, committed 63360K, reserved 380928K
  class space    used 8748K, committed 9792K, reserved 315392K
}
Event: 6.286 GC heap after
{Heap after GC invocations=14 (full 0):
 garbage-first heap   total 262144K, used 63685K [0x00000007e0000000, 0x0000000800000000)
  region size 1024K, 3 young (3072K), 3 survivors (3072K)
 Metaspace       used 61287K, committed 63360K, reserved 380928K
  class space    used 8748K, committed 9792K, reserved 315392K
}
Event: 58.580 GC heap before
{Heap before GC invocations=14 (full 0):
 garbage-first heap   total 262144K, used 197829K [0x00000007e0000000, 0x0000000800000000)
  region size 1024K, 135 young (138240K), 3 survivors (3072K)
 Metaspace       used 64531K, committed 66752K, reserved 380928K
  class space    used 9142K, committed 10304K, reserved 315392K
}
Event: 58.590 GC heap after
{Heap after GC invocations=15 (full 0):
 garbage-first heap   total 367616K, used 74157K [0x00000007e0000000, 0x0000000800000000)
  region size 1024K, 13 young (13312K), 13 survivors (13312K)
 Metaspace       used 64531K, committed 66752K, reserved 380928K
  class space    used 9142K, committed 10304K, reserved 315392K
}
Event: 8385.957 GC heap before
{Heap before GC invocations=15 (full 0):
 garbage-first heap   total 367616K, used 265645K [0x00000007e0000000, 0x0000000800000000)
  region size 1024K, 201 young (205824K), 13 survivors (13312K)
 Metaspace       used 71802K, committed 73984K, reserved 380928K
  class space    used 9964K, committed 11136K, reserved 315392K
}
Event: 8385.971 GC heap after
{Heap after GC invocations=16 (full 0):
 garbage-first heap   total 367616K, used 72133K [0x00000007e0000000, 0x0000000800000000)
  region size 1024K, 11 young (11264K), 11 survivors (11264K)
 Metaspace       used 71802K, committed 73984K, reserved 380928K
  class space    used 9964K, committed 11136K, reserved 315392K
}
Event: 8626.990 GC heap before
{Heap before GC invocations=16 (full 0):
 garbage-first heap   total 367616K, used 280005K [0x00000007e0000000, 0x0000000800000000)
  region size 1024K, 215 young (220160K), 11 survivors (11264K)
 Metaspace       used 72672K, committed 74944K, reserved 380928K
  class space    used 9983K, committed 11200K, reserved 315392K
}
Event: 8627.006 GC heap after
{Heap after GC invocations=17 (full 0):
 garbage-first heap   total 367616K, used 76176K [0x00000007e0000000, 0x0000000800000000)
  region size 1024K, 15 young (15360K), 15 survivors (15360K)
 Metaspace       used 72672K, committed 74944K, reserved 380928K
  class space    used 9983K, committed 11200K, reserved 315392K
}

